		StdLog	1.2
		PatchName	mod-1
		LogDate	23 Sep 1998
		LogTime	15:54:40
		LogDeathFlags	16912
		Map	Jailhouse Frag     by car188@psu.edu
		GameStart			0.0
		PlayerConnect	The Git		5592.2
		Map	Jailhouse Frag     by car188@psu.edu
		GameStart			0.0
		PlayerConnect	The Git		4.4
		Player	The Git		8.6
		PlayerConnect	Dr Bong		15.0
		Player	Dr Bong		16.4
The Git	Dr Bong	Kill	Grenade Launcher	1	60.3
The Git	Dr Bong	Kill	BFG10K	1	119.0
Dr Bong	The Git	Kill	BFG10K	1	167.3
Dr Bong		Suicide	BFG10K	-1	167.3
Dr Bong	The Git	Kill	Grenade Launcher	1	193.5
The Git	Dr Bong	Kill	Grenade Launcher	1	227.2
		PlayerConnect	Father Steve		233.4
The Git	Dr Bong	Kill	Grenade Launcher	1	249.6
		PlayerConnect	Mr Splat		307.8
		Player	Mr Splat		309.4
Dr Bong	The Git	Kill	Grenades	1	329.5
Dr Bong	The Git	Kill	Rocket Launcher	1	345.6
The Git	Mr Splat	Kill	Grenade Launcher	1	359.1
		Player	Father Steve		372.5
Father Steve	Mr Splat	Kill	Grenades	1	377.8
Dr Bong	The Git	Kill	Railgun	1	386.3
The Git	Mr Splat	Kill	Grenade Launcher	1	413.8
Dr Bong	Father Steve	Kill	Rocket Launcher	1	421.5
Dr Bong	Father Steve	Kill	Rocket Launcher	1	450.8
Father Steve	Dr Bong	Kill	Machinegun	1	468.5
The Git	Dr Bong	Kill	Grenade Launcher	1	494.5
The Git	Father Steve	Kill	Grenade Launcher	1	506.3
Dr Bong	The Git	Kill	Grenades	1	517.0
Dr Bong	Mr Splat	Kill	Rocket Launcher	1	526.3
Mr Splat	Father Steve	Kill	Blaster	1	530.1
The Git	Mr Splat	Kill	BFG10K	1	561.9
Dr Bong	Father Steve	Kill	Rocket Launcher	1	567.9
Mr Splat	Father Steve	Kill	Grenade Launcher	1	576.2
The Git	Dr Bong	Kill	BFG10K	1	580.3
Dr Bong	Father Steve	Kill	BFG10K	1	604.1
Mr Splat	Father Steve	Kill	Grenade Launcher	1	616.2
The Git	Mr Splat	Kill	Grenade Launcher	1	617.3
Mr Splat	Father Steve	Kill	Grenade Launcher	1	638.1
Mr Splat	Father Steve	Kill	Grenade Launcher	1	657.2
The Git	Mr Splat	Kill	Grenade Launcher	1	675.5
The Git	Father Steve	Kill	Grenade Launcher	1	675.7
The Git	Dr Bong	Kill	Grenade Launcher	1	689.1
Mr Splat	Dr Bong	Kill	Grenade Launcher	1	704.6
The Git		Suicide	Grenade Launcher	-1	708.2
Mr Splat	The Git	Kill	Grenade Launcher	1	719.3
Dr Bong	The Git	Kill	Rocket Launcher	1	733.1
Dr Bong	Mr Splat	Kill	Rocket Launcher	1	743.4
The Git	Dr Bong	Kill	Grenades	1	759.8
Father Steve	Mr Splat	Kill	Machinegun	1	761.1
Mr Splat	Father Steve	Kill	HyperBlaster	1	782.7
Mr Splat	Father Steve	Kill	HyperBlaster	1	810.4
The Git	Mr Splat	Kill	Rocket Launcher	1	820.7
The Git	Father Steve	Kill	BFG10K	1	840.6
Mr Splat	Father Steve	Kill	Grenade Launcher	1	856.4
The Git	Mr Splat	Kill	Grenade Launcher	1	905.3
Dr Bong	Father Steve	Kill	BFG10K	1	919.0
Dr Bong	The Git	Kill	HyperBlaster	1	943.3
Mr Splat	Dr Bong	Kill	Grenade Launcher	1	943.6
		PlayerConnect	Carnage		962.4
		Player	Carnage		963.8
The Git	Mr Splat	Kill	Grenades	1	967.5
Carnage	Dr Bong	Kill	Grenade Launcher	1	977.8
Father Steve	The Git	Kill	Grenade Launcher	1	985.9
Father Steve	Dr Bong	Kill	Grenade Launcher	1	1001.6
Father Steve		Suicide	Grenade Launcher	-1	1001.6
Dr Bong	Mr Splat	Kill	Blaster	1	1006.7
The Git	Father Steve	Kill	Grenade Launcher	1	1008.3
The Git	Father Steve	Kill	Grenade Launcher	1	1016.2
The Git	Mr Splat	Kill	Chaingun	1	1027.2
Dr Bong	The Git	Kill	Rocket Launcher	1	1031.4
Dr Bong	Mr Splat	Kill	Rocket Launcher	1	1050.5
Carnage	Father Steve	Kill	BFG10K	1	1054.6
The Git	Carnage	Kill	BFG10K	1	1065.5
Dr Bong	Father Steve	Kill	Rocket Launcher	1	1070.7
Mr Splat	Father Steve	Kill	Shotgun	1	1088.4
Father Steve	Mr Splat	Kill	Grenades	1	1100.7
Dr Bong	The Git	Kill	Rocket Launcher	1	1130.1
The Git	Carnage	Kill	Chaingun	1	1148.0
Father Steve	The Git	Kill	Grenade Launcher	1	1159.9
		PlayerConnect	The Bald Git		1178.4
		Player	The Bald Git		1180.0
The Git	The Bald Git	Kill	Railgun	1	1185.4
Father Steve	Carnage	Kill	HyperBlaster	1	1186.2
The Git	The Bald Git	Kill	Super Shotgun	1	1197.5
		Map	The Law
		GameStart			0.0
		PlayerConnect	Dr Bong		3.6
		Player	Dr Bong		6.0
		GameEnd			17.9
		StdLog	1.2
		PatchName	mod-1
		LogDate	23 Sep 1998
		LogTime	17:48:16
		LogDeathFlags	16912
		Map	The Pits
		GameStart			0.0
		PlayerConnect	Carnage		3.9
		PlayerConnect	Dr Bong		4.3
		PlayerConnect	The Git		4.4
		PlayerConnect	Father Steve		4.8
		Player	Carnage		5.5
		Player	Father Steve		7.3
		Player	Dr Bong		8.6
		PlayerConnect	Mr Splat		15.1
		PlayerConnect	The Bald Git		16.0
		Player	Mr Splat		16.6
		Player	The Bald Git		17.5
Dr Bong	Father Steve	Kill	Super Shotgun	1	30.9
Father Steve	Mr Splat	Kill	Rocket Launcher	1	47.0
		Player	The Git		48.7
Father Steve		Suicide	Rocket Launcher	-1	56.3
The Git	Mr Splat	Kill	Chaingun	1	96.3
The Git	The Bald Git	Kill	Railgun	1	107.5
Mr Splat	Father Steve	Kill	Grenades	1	112.7
The Bald Git	Dr Bong	Kill	Machinegun	1	126.6
The Git	Father Steve	Kill	Railgun	1	131.3
Father Steve	The Bald Git	Kill	Railgun	1	140.6
		PlayerConnect	Grey		143.7
Father Steve	Mr Splat	Kill	Railgun	1	144.6
		Player	Grey		154.3
The Git	Father Steve	Kill	Railgun	1	156.2
Mr Splat		Suicide	Rocket Launcher	-1	163.8
Grey	Carnage	Kill	Railgun	1	175.1
Grey	Mr Splat	Kill	Railgun	1	180.8
Father Steve	Carnage	Kill	Grenade Launcher	1	190.2
The Bald Git		Suicide	Crushed	-1	206.4
The Git	Father Steve	Kill	Chaingun	1	219.6
Mr Splat	The Bald Git	Kill	Rocket Launcher	1	243.4
Grey	Carnage	Kill	Railgun	1	255.0
Grey	Father Steve	Kill	Railgun	1	277.7
Dr Bong	Mr Splat	Kill	Rocket Launcher	1	307.5
The Git	Father Steve	Kill	Super Shotgun	1	308.4
The Bald Git	Father Steve	Kill	Rocket Launcher	1	322.6
Grey	The Bald Git	Kill	Railgun	1	338.8
The Bald Git	Grey	Kill		1	338.9
Dr Bong	The Git	Kill	Railgun	1	346.1
Dr Bong	Grey	Kill	Chaingun	1	364.8
The Git	Father Steve	Kill	Super Shotgun	1	389.2
Carnage	Mr Splat	Kill	Blaster	1	389.6
Dr Bong	Grey	Kill	Railgun	1	389.8
Dr Bong	Carnage	Kill	Railgun	1	404.1
Grey	Dr Bong	Kill	Super Shotgun	1	434.5
Mr Splat	Father Steve	Kill	Rocket Launcher	1	458.0
The Git	Dr Bong	Kill	Grenade Launcher	1	478.3
The Git		Suicide	Grenade Launcher	-1	478.3
Father Steve	Carnage	Kill	Rocket Launcher	1	496.7
Grey	Father Steve	Kill	Railgun	1	499.4
The Bald Git	Grey	Kill	Grenade Launcher	1	515.1
Carnage		Suicide	Grenade Launcher	-1	520.1
Mr Splat	Grey	Kill	Rocket Launcher	1	533.6
Mr Splat	Father Steve	Kill	Rocket Launcher	1	538.6
The Bald Git	Dr Bong	Kill	Grenade Launcher	1	543.5
Dr Bong	The Bald Git	Kill	Blaster	1	546.0
The Git	Mr Splat	Kill	Railgun	1	557.7
The Git	Carnage	Kill	Rocket Launcher	1	569.0
The Git	Father Steve	Kill	Rocket Launcher	1	572.9
Grey	Dr Bong	Kill	Machinegun	1	580.0
Grey	Mr Splat	Kill	Machinegun	1	585.5
Grey	Carnage	Kill	Machinegun	1	586.0
The Git	Grey	Kill	Railgun	1	591.1
Grey	Mr Splat	Kill	Blaster	1	611.4
Father Steve	Dr Bong	Kill	Grenade Launcher	1	626.8
Father Steve	Mr Splat	Kill	Grenade Launcher	1	635.6
The Git	Dr Bong	Kill	Rocket Launcher	1	652.6
Dr Bong	The Bald Git	Kill	Grenade Launcher	1	671.2
Grey	Carnage	Kill	Railgun	1	677.3
The Git	Dr Bong	Kill	Rocket Launcher	1	681.5
The Git	Grey	Kill	Rocket Launcher	1	698.5
Carnage	Dr Bong	Kill	Chaingun	1	700.0
The Git	Father Steve	Kill	Railgun	1	735.9
Grey	Mr Splat	Kill	Railgun	1	749.1
The Git	Father Steve	Kill	Railgun	1	753.9
Grey	The Git	Kill	Railgun	1	761.1
Dr Bong	Father Steve	Kill	Rocket Launcher	1	763.1
Grey	Dr Bong	Kill	Railgun	1	775.2
Mr Splat	Grey	Kill	Rocket Launcher	1	776.1
The Git	Mr Splat	Kill	Rocket Launcher	1	781.2
Carnage	Dr Bong	Kill	Railgun	1	811.4
Grey		Suicide	Crushed	-1	832.3
Mr Splat	Dr Bong	Kill	Grenade Launcher	1	835.6
Father Steve	Mr Splat	Kill	Rocket Launcher	1	840.8
The Git	Carnage	Kill	Rocket Launcher	1	848.0
Father Steve	Dr Bong	Kill	Rocket Launcher	1	858.7
Grey	Carnage	Kill	Railgun	1	863.6
The Git	Father Steve	Kill	Railgun	1	864.5
Mr Splat	The Git	Kill	Rocket Launcher	1	887.0
Mr Splat	Carnage	Kill	Rocket Launcher	1	890.5
The Bald Git	Mr Splat	Kill	Grenade Launcher	1	895.3
Dr Bong	Mr Splat	Kill	Rocket Launcher	1	922.1
Dr Bong		Suicide	Rocket Launcher	-1	923.4
Grey	Carnage	Kill	Railgun	1	928.6
The Git	The Bald Git	Kill	Rocket Launcher	1	933.2
Grey	Carnage	Kill	Railgun	1	954.8
Carnage	Dr Bong	Kill	Super Shotgun	1	978.7
Carnage	Mr Splat	Kill	Super Shotgun	1	986.1
The Git	Grey	Kill	Rocket Launcher	1	987.7
The Git	Grey	Kill	Rocket Launcher	1	1001.1
Father Steve	Mr Splat	Kill	Machinegun	1	1010.5
The Git	Dr Bong	Kill	Rocket Launcher	1	1011.7
The Git	Grey	Kill	Rocket Launcher	1	1020.1
Carnage	Mr Splat	Kill	Super Shotgun	1	1022.5
		PlayerConnect	Southern Softy		1030.5
		PlayerLeft	Southern Softy		1030.6
Father Steve	Carnage	Kill	Machinegun	1	1035.1
The Git	Dr Bong	Kill	Rocket Launcher	1	1035.3
		Map	Gom Jabbar
		GameStart			0.0
		PlayerConnect	Carnage		3.4
		PlayerConnect	Dr Bong		3.5
		PlayerConnect	Father Steve		3.8
		PlayerConnect	Mr Splat		4.0
		PlayerConnect	The Git		4.6
		Player	Dr Bong		5.0
		Player	Carnage		5.6
		PlayerConnect	The Bald Git		6.0
		Player	The Git		8.6
		Player	The Bald Git		9.1
		Player	Father Steve		10.5
		Player	Mr Splat		12.2
Dr Bong	The Git	Kill	Grenade Launcher	1	14.5
		PlayerConnect	Grey		22.3
		Player	Grey		25.3
Mr Splat	Father Steve	Kill	Rocket Launcher	1	30.5
Mr Splat		Suicide	Rocket Launcher	-1	30.5
Dr Bong	The Git	Kill	Grenade Launcher	1	31.8
		PlayerConnect	Southern Softy		45.9
		Player	Southern Softy		50.0
Dr Bong	Grey	Kill	Rocket Launcher	1	53.2
Dr Bong	Mr Splat	Kill	Rocket Launcher	1	59.9
Dr Bong		Suicide	Rocket Launcher	-1	59.9
The Git	Grey	Kill	Grenade Launcher	1	64.2
Father Steve	Dr Bong	Kill	Rocket Launcher	1	68.3
Mr Splat	Grey	Kill	Blaster	1	72.2
The Git		Suicide	Grenade Launcher	-1	74.0
Carnage	Grey	Kill	Railgun	1	89.1
The Git	Southern Softy	Kill	Grenade Launcher	1	91.7
Dr Bong	Mr Splat	Kill	Rocket Launcher	1	98.3
The Git	Grey	Kill	Grenade Launcher	1	106.6
The Git	Dr Bong	Kill	Railgun	1	111.4
Carnage	The Git	Kill	Railgun	1	113.4
Southern Softy	Grey	Kill	Grenade Launcher	1	126.2
Dr Bong	Southern Softy	Kill	Railgun	1	128.2
Dr Bong	Southern Softy	Kill	Railgun	1	149.7
Grey	Father Steve	Kill	Blaster	1	154.3
Carnage	The Git	Kill	Super Shotgun	1	162.2
Southern Softy	The Git	Kill	Grenades	1	173.5
Grey	Carnage	Kill	Super Shotgun	1	181.2
The Bald Git	Southern Softy	Kill	Blaster	1	183.0
Grey	Father Steve	Kill	Railgun	1	204.4
The Git	Mr Splat	Kill	Blaster	1	224.4
Grey	Southern Softy	Kill	Blaster	1	226.5
Dr Bong	The Git	Kill	Grenade Launcher	1	233.2
Grey	Dr Bong	Kill	Railgun	1	234.8
The Git	Dr Bong	Kill	Grenade Launcher	1	249.5
Carnage	The Git	Kill	Super Shotgun	1	250.5
Grey	Dr Bong	Kill	Super Shotgun	1	264.7
Carnage	Mr Splat	Kill	Grenades	1	265.6
		PlayerLeft	Mr Splat		281.5
The Git	Dr Bong	Kill	Railgun	1	283.9
Carnage	Dr Bong	Kill	Grenade Launcher	1	297.6
Southern Softy	Carnage	Kill	Super Shotgun	1	313.7
Grey	Southern Softy	Kill	Railgun	1	315.8
Grey	The Git	Kill	Railgun	1	325.3
The Bald Git	Carnage	Kill	Grenade Launcher	1	330.4
Dr Bong	Southern Softy	Kill	Rocket Launcher	1	334.5
The Git	Carnage	Kill	Rocket Launcher	1	343.7
Father Steve	The Git	Kill	Shotgun	1	344.6
Grey	Dr Bong	Kill	Railgun	1	348.0
The Bald Git	Dr Bong	Kill	Grenade Launcher	1	360.3
Grey	Southern Softy	Kill	Railgun	1	363.8
Grey	Dr Bong	Kill	Railgun	1	376.6
Dr Bong	Grey	Kill	Grenades	1	376.7
Carnage	Grey	Kill	Railgun	1	394.9
Dr Bong	The Git	Kill	Railgun	1	397.9
Dr Bong	Grey	Kill	Railgun	1	405.0
Carnage	The Git	Kill	Railgun	1	408.1
The Bald Git	Carnage	Kill	Rocket Launcher	1	415.5
Southern Softy	Dr Bong	Kill	Super Shotgun	1	419.0
The Git	Dr Bong	Kill	Rocket Launcher	1	445.5
Grey	The Git	Kill	Railgun	1	459.5
Dr Bong	Carnage	Kill	Grenades	1	461.5
Grey	The Bald Git	Kill	Railgun	1	465.1
Southern Softy	The Git	Kill	Grenade Launcher	1	469.0
Carnage		Suicide	Rocket Launcher	-1	484.3
Dr Bong	Grey	Kill	Grenade Launcher	1	492.0
Dr Bong	The Git	Kill	Grenade Launcher	1	492.6
Dr Bong	Carnage	Kill	Grenade Launcher	1	505.5
The Bald Git		Suicide	Grenade Launcher	-1	519.5
Dr Bong	Carnage	Kill	Railgun	1	530.1
Southern Softy	The Bald Git	Kill	Grenade Launcher	1	535.9
Carnage	Grey	Kill	Rocket Launcher	1	541.1
Grey	Carnage	Kill	Super Shotgun	1	557.7
The Git	Southern Softy	Kill	Rocket Launcher	1	568.5
Grey	The Git	Kill	Super Shotgun	1	570.8
The Bald Git	Carnage	Kill	Blaster	1	575.6
The Git	Southern Softy	Kill	Rocket Launcher	1	590.4
Grey	Dr Bong	Kill	Super Shotgun	1	592.3
Father Steve	Carnage	Kill	Shotgun	1	594.1
The Git	Dr Bong	Kill	Rocket Launcher	1	601.8
The Git	Grey	Kill	Rocket Launcher	1	602.6
Southern Softy	The Bald Git	Kill	Blaster	1	610.9
The Git	The Bald Git	Kill	Rocket Launcher	1	631.0
The Git	Southern Softy	Kill	Rocket Launcher	1	631.0
Carnage	Dr Bong	Kill	Rocket Launcher	1	656.0
Grey	Southern Softy	Kill	Rocket Launcher	1	659.5
The Git	Carnage	Kill	Rocket Launcher	1	662.4
Grey	The Bald Git	Kill	Rocket Launcher	1	663.4
The Git	Southern Softy	Kill	Rocket Launcher	1	669.4
Dr Bong	Southern Softy	Kill	Grenade Launcher	1	677.6
The Git	Dr Bong	Kill	Rocket Launcher	1	678.9
Carnage	The Bald Git	Kill	Blaster	1	687.4
The Git	The Bald Git	Kill	Rocket Launcher	1	697.9
		PlayerConnect	Mr Splat		699.7
		Player	Mr Splat		701.3
The Git	Grey	Kill	Railgun	1	710.4
The Git	Grey	Kill	Railgun	1	725.3
The Git	Mr Splat	Kill	Railgun	1	737.2
The Bald Git	Grey	Kill	Super Shotgun	1	744.8
Carnage	Father Steve	Kill	Grenade Launcher	1	745.4
Carnage	Southern Softy	Kill	Blaster	1	760.3
Mr Splat	The Bald Git	Kill	Rocket Launcher	1	775.8
Dr Bong	Grey	Kill	Rocket Launcher	1	779.8
Carnage	Father Steve	Kill	Railgun	1	784.4
The Git	Carnage	Kill	Rocket Launcher	1	787.1
The Git	Southern Softy	Kill	Rocket Launcher	1	789.1
The Bald Git	Carnage	Kill	Rocket Launcher	1	802.0
The Git	Carnage	Kill	Super Shotgun	1	818.0
Father Steve	Grey	Kill	Railgun	1	824.6
Father Steve	Carnage	Kill	Railgun	1	838.0
Southern Softy	Grey	Kill	Super Shotgun	1	842.5
Dr Bong	Southern Softy	Kill	Railgun	1	843.2
Carnage	Father Steve	Kill	Grenade Launcher	1	852.9
Dr Bong	Mr Splat	Kill	Rocket Launcher	1	861.9
Carnage	Grey	Kill	Grenade Launcher	1	864.5
The Git	Carnage	Kill	Super Shotgun	1	868.8
		Map	The Killing Machine
		GameStart			0.0
		PlayerConnect	Dr Bong		3.9
		PlayerConnect	Father Steve		4.3
		PlayerConnect	Carnage		4.4
		PlayerConnect	The Git		5.1
		Player	Dr Bong		5.2
		Player	Father Steve		5.9
		Player	The Git		6.8
		PlayerConnect	Mr Splat		7.0
		Player	Mr Splat		9.1
		Player	Carnage		12.0
		PlayerConnect	Southern Softy		14.8
		PlayerConnect	Grey		19.1
		Player	Grey		23.0
The Git	Dr Bong	Kill	BFG10K	1	24.2
		Player	Southern Softy		27.1
		PlayerConnect	The Bald Git		27.2
Mr Splat	Carnage	Kill	Super Shotgun	1	28.1
		Player	The Bald Git		35.2
Mr Splat	Southern Softy	Kill	Blaster	1	51.8
Carnage	Mr Splat	Kill	HyperBlaster	1	53.4
Carnage	Father Steve	Kill	HyperBlaster	1	56.9
The Git	Carnage	Kill	Blaster	1	59.4
Southern Softy	Father Steve	Kill	Rocket Launcher	1	68.0
Grey	The Bald Git	Kill	Super Shotgun	1	69.1
The Git		Suicide	BFG10K	-1	71.9
Carnage	Mr Splat	Kill	Super Shotgun	1	86.5
Dr Bong	Southern Softy	Kill	BFG10K	1	89.4
Father Steve	Carnage	Kill	Blaster	1	93.4
Grey	Southern Softy	Kill	Railgun	1	96.0
Father Steve	The Git	Kill	Super Shotgun	1	97.1
Mr Splat	Father Steve	Kill	Railgun	1	99.2
Father Steve	Mr Splat	Kill	Super Shotgun	1	107.0
Dr Bong	Father Steve	Kill	Rocket Launcher	1	111.5
Grey	Dr Bong	Kill	Railgun	1	115.7
Mr Splat	Southern Softy	Kill	Super Shotgun	1	127.1
Mr Splat	Carnage	Kill	Super Shotgun	1	132.0
Grey	Mr Splat	Kill	Railgun	1	132.2
Southern Softy	Mr Splat	Kill	Railgun	1	150.1
The Bald Git	Carnage	Kill	Super Shotgun	1	164.0
The Git	The Bald Git	Kill	Grenade Launcher	1	164.4
The Git	Southern Softy	Kill	Grenade Launcher	1	166.6
Grey	The Git	Kill	Railgun	1	169.7
Dr Bong	Father Steve	Kill	Rocket Launcher	1	175.3
Mr Splat	The Git	Kill	Railgun	1	176.0
Dr Bong	Carnage	Kill	Rocket Launcher	1	185.1
Mr Splat	Father Steve	Kill	Railgun	1	188.0
Father Steve	Dr Bong	Kill	Super Shotgun	1	199.3
The Git	The Bald Git	Kill	HyperBlaster	1	199.5
Carnage	Grey	Kill	Rocket Launcher	1	208.7
Carnage	The Git	Kill	Rocket Launcher	1	211.6
Carnage	The Bald Git	Kill	Rocket Launcher	1	216.6
Mr Splat	Father Steve	Kill	Railgun	1	220.4
The Git	Dr Bong	Kill	HyperBlaster	1	226.9
Carnage	Mr Splat	Kill	Railgun	1	228.4
The Bald Git	Grey	Kill	Blaster	1	242.4
The Git	Dr Bong	Kill	HyperBlaster	1	247.2
Dr Bong	Grey	Kill	Grenades	1	260.2
Carnage	The Git	Kill	Railgun	1	260.9
Carnage	Dr Bong	Kill	Railgun	1	267.4
Father Steve	The Bald Git	Kill	HyperBlaster	1	271.5
Father Steve	Mr Splat	Kill	HyperBlaster	1	274.1
Grey	Carnage	Kill	Rocket Launcher	1	284.2
Southern Softy	The Bald Git	Kill	Grenade Launcher	1	285.7
Mr Splat	Father Steve	Kill	Railgun	1	292.3
Dr Bong	The Git	Kill	Blaster	1	294.8
Mr Splat	Carnage	Kill	Railgun	1	300.3
Southern Softy	The Git	Kill	Grenade Launcher	1	305.1
Grey	Mr Splat	Kill	Railgun	1	309.3
The Git	Dr Bong	Kill	Super Shotgun	1	315.6
The Bald Git	Grey	Kill	Grenade Launcher	1	325.9
The Bald Git		Suicide	Grenade Launcher	-1	325.9
Mr Splat	Carnage	Kill	Railgun	1	328.8
The Bald Git	Southern Softy	Kill	Grenade Launcher	1	335.4
The Bald Git	The Git	Kill	Grenade Launcher	1	335.4
The Bald Git		Suicide	Grenade Launcher	-1	335.4
The Bald Git	Father Steve	Kill		1	335.5
Mr Splat	Dr Bong	Kill	Railgun	1	340.9
Grey	Mr Splat	Kill	Railgun	1	344.8
Father Steve	The Bald Git	Kill	Super Shotgun	1	346.8
Grey	Dr Bong	Kill	Railgun	1	349.7
		PlayerLeft	Southern Softy		358.9
The Git	Mr Splat	Kill	Chaingun	1	360.7
Carnage	Grey	Kill	Grenade Launcher	1	363.6
The Git	The Bald Git	Kill	Chaingun	1	364.3
Father Steve	Dr Bong	Kill	Grenade Launcher	1	373.1
Father Steve	Carnage	Kill	Grenade Launcher	1	378.6
The Git	The Bald Git	Kill	Railgun	1	383.9
Dr Bong	Mr Splat	Kill	Railgun	1	389.8
Father Steve	Carnage	Kill	Rocket Launcher	1	390.7
Father Steve		Suicide	Rocket Launcher	-1	392.4
Grey	Carnage	Kill	HyperBlaster	1	403.8
Grey	Father Steve	Kill	HyperBlaster	1	404.0
Grey	The Bald Git	Kill	HyperBlaster	1	417.1
The Git	Carnage	Kill	Railgun	1	419.1
Grey	Mr Splat	Kill	HyperBlaster	1	422.0
Carnage	Father Steve	Kill	Super Shotgun	1	431.0
Carnage	Grey	Kill	Super Shotgun	1	432.4
The Bald Git	Father Steve	Kill	Grenade Launcher	1	445.2
Carnage	Mr Splat	Kill	Super Shotgun	1	470.0
The Git	Grey	Kill	Railgun	1	478.1
Carnage	Mr Splat	Kill	Super Shotgun	1	491.3
Dr Bong	Carnage	Kill	Railgun	1	492.5
The Bald Git	Mr Splat	Kill	Grenade Launcher	1	504.8
Mr Splat	Grey	Kill	Railgun	1	511.8
The Bald Git	The Git	Kill	Grenade Launcher	1	513.3
Carnage	The Bald Git	Kill	Super Shotgun	1	518.3
The Git	Carnage	Kill	Rocket Launcher	1	520.7
The Git	Grey	Kill	Rocket Launcher	1	527.9
Grey	The Bald Git	Kill	HyperBlaster	1	539.0
Mr Splat	Carnage	Kill	Railgun	1	544.2
Father Steve	Mr Splat	Kill	Rocket Launcher	1	552.5
Grey	Father Steve	Kill	HyperBlaster	1	555.1
The Bald Git	Grey	Kill	Railgun	1	562.4
Dr Bong	Carnage	Kill	Grenade Launcher	1	564.5
The Git	The Bald Git	Kill	Rocket Launcher	1	575.2
Father Steve	Grey	Kill	Super Shotgun	1	584.4
Grey	Father Steve	Kill		1	584.5
The Bald Git	Carnage	Kill	Chaingun	1	590.9
The Bald Git	Mr Splat	Kill	Chaingun	1	616.5
Carnage	Father Steve	Kill	HyperBlaster	1	624.9
Dr Bong	Carnage	Kill	Super Shotgun	1	628.0
The Bald Git	Dr Bong	Kill	Railgun	1	630.8
Grey	Mr Splat	Kill	Railgun	1	634.5
The Git	Grey	Kill	BFG10K	1	638.2
The Git	Father Steve	Kill	BFG10K	1	638.3
Dr Bong	The Bald Git	Kill	Super Shotgun	1	646.1
Mr Splat		Suicide	BFG10K	-1	660.9
Mr Splat	Dr Bong	Kill		1	661.0
The Git	Father Steve	Kill	Railgun	1	693.8
Mr Splat	The Bald Git	Kill	Railgun	1	698.4
Grey	Mr Splat	Kill	Grenade Launcher	1	709.7
Father Steve	Carnage	Kill	HyperBlaster	1	717.3
Grey	Mr Splat	Kill	Grenade Launcher	1	730.3
Dr Bong	Grey	Kill	Chaingun	1	732.3
The Git	Father Steve	Kill	Railgun	1	733.7
Grey	Dr Bong	Kill	Grenade Launcher	1	742.3
Carnage	Father Steve	Kill	HyperBlaster	1	747.3
The Git	Mr Splat	Kill	Railgun	1	754.3
The Git	Carnage	Kill	Railgun	1	754.3
		PlayerLeft	Carnage		762.7
The Git	The Bald Git	Kill	BFG10K	1	767.6
The Git	Grey	Kill	Super Shotgun	1	772.1
Mr Splat	Father Steve	Kill	Railgun	1	790.2
The Git	Mr Splat	Kill	Super Shotgun	1	792.0
Dr Bong	Father Steve	Kill	Rocket Launcher	1	808.5
The Bald Git		Suicide	Grenade Launcher	-1	814.4
The Git	Grey	Kill	BFG10K	1	828.5
		Map	Jailhouse Frag     by car188@psu.edu
		GameStart			0.0
		PlayerConnect	Dr Bong		3.0
		PlayerConnect	Father Steve		3.7
		PlayerConnect	Mr Splat		4.2
		PlayerConnect	The Git		4.5
		Player	Father Steve		5.0
		PlayerConnect	The Bald Git		5.5
		Player	Mr Splat		6.0
		Player	Dr Bong		7.5
		Player	The Bald Git		8.8
		PlayerConnect	Grey		9.8
Mr Splat	Father Steve	Kill	BFG10K	1	17.2
Mr Splat	Dr Bong	Kill	BFG10K	1	17.3
		Player	Grey		19.7
Dr Bong	Father Steve	Kill	Railgun	1	41.1
Mr Splat	Dr Bong	Kill	BFG10K	1	53.3
Father Steve	The Bald Git	Kill	Blaster	1	54.6
Grey	Father Steve	Kill	HyperBlaster	1	66.2
Grey	Dr Bong	Kill	Railgun	1	73.2
		Player	The Git		81.7
Dr Bong	Mr Splat	Kill	Shotgun	1	83.0
Grey	Father Steve	Kill	Railgun	1	85.3
The Git	Father Steve	Kill	Chaingun	1	96.9
The Git	Dr Bong	Kill	Super Shotgun	1	113.7
The Git	Mr Splat	Kill	Super Shotgun	1	116.0
The Bald Git	The Git	Kill	Grenade Launcher	1	116.9
Grey	The Bald Git	Kill	Railgun	1	118.6
Father Steve	Mr Splat	Kill	Grenades	1	126.3
The Git	Dr Bong	Kill	BFG10K	1	128.4
Grey	Father Steve	Kill	Railgun	1	128.9
The Git	The Bald Git	Kill	BFG10K	1	136.5
Father Steve	The Git	Kill	Blaster	1	137.8
Father Steve	The Bald Git	Kill	BFG10K	1	143.4
Grey	Dr Bong	Kill	Rocket Launcher	1	149.2
The Git	Father Steve	Kill	Blaster	1	152.8
Grey	The Git	Kill	Railgun	1	162.3
Grey	Dr Bong	Kill	Railgun	1	169.8
Grey	Father Steve	Kill	Railgun	1	172.8
Grey	The Git	Kill	Rocket Launcher	1	181.3
Grey		Suicide	Rocket Launcher	-1	181.3
Mr Splat	Father Steve	Kill	Railgun	1	184.0
The Git	The Bald Git	Kill	Grenade Launcher	1	191.7
Mr Splat	Dr Bong	Kill	Railgun	1	192.5
Mr Splat	The Git	Kill	Railgun	1	192.5
Mr Splat	Dr Bong	Kill	Railgun	1	199.8
Father Steve	The Bald Git	Kill	Grenades	1	208.0
The Bald Git	Father Steve	Kill	Blaster	1	212.6
Dr Bong	Grey	Kill	Rocket Launcher	1	220.4
Father Steve	Dr Bong	Kill	Grenade Launcher	1	225.3
The Bald Git		Suicide	Rocket Launcher	-1	245.7
Mr Splat	The Git	Kill	Rocket Launcher	1	246.3
Dr Bong	Father Steve	Kill	Chaingun	1	255.5
Dr Bong	Grey	Kill	Rocket Launcher	1	260.5
Dr Bong	The Git	Kill	Rocket Launcher	1	269.4
The Git	Grey	Kill	Grenades	1	277.4
The Git		Suicide	Grenades	-1	277.4
Mr Splat	The Bald Git	Kill	Grenade Launcher	1	283.5
Dr Bong	Grey	Kill	Rocket Launcher	1	286.3
Father Steve	Grey	Kill	Railgun	1	292.9
Dr Bong	Father Steve	Kill	BFG10K	1	298.1
Dr Bong	The Git	Kill	BFG10K	1	303.4
Dr Bong	Father Steve	Kill	Rocket Launcher	1	309.9
Mr Splat	The Bald Git	Kill	Railgun	1	324.7
Grey	Father Steve	Kill	Chaingun	1	328.4
Mr Splat	The Bald Git	Kill	Railgun	1	340.8
Dr Bong	The Git	Kill	BFG10K	1	346.4
Dr Bong	Mr Splat	Kill	BFG10K	1	346.5
Dr Bong	Grey	Kill	Chaingun	1	351.2
Dr Bong	The Bald Git	Kill	Rocket Launcher	1	372.0
Grey	Father Steve	Kill	HyperBlaster	1	384.6
Mr Splat	The Bald Git	Kill	Railgun	1	394.4
Dr Bong	Father Steve	Kill	Railgun	1	395.0
Mr Splat	The Bald Git	Kill	Railgun	1	402.5
Grey	Father Steve	Kill	Railgun	1	416.1
Dr Bong	Mr Splat	Kill	BFG10K	1	422.2
Father Steve	The Bald Git	Kill	Grenades	1	423.3
Grey	Mr Splat	Kill	Rocket Launcher	1	446.1
Grey	Father Steve	Kill	Rocket Launcher	1	446.1
Dr Bong	The Git	Kill	Railgun	1	447.7
Grey	Mr Splat	Kill	Railgun	1	456.5
Father Steve	The Bald Git	Kill	HyperBlaster	1	456.7
Dr Bong	The Git	Kill	Rocket Launcher	1	461.7
The Git	Father Steve	Kill	Blaster	1	464.0
Dr Bong	The Bald Git	Kill	Rocket Launcher	1	465.0
Father Steve	The Bald Git	Kill	Grenades	1	488.2
The Git	Grey	Kill	Grenade Launcher	1	496.7
The Git	Dr Bong	Kill	Grenade Launcher	1	497.9
Dr Bong	Mr Splat	Kill	Grenades	1	498.0
Dr Bong	The Git	Kill	Grenades	1	498.0
The Git		Suicide	Rocket Launcher	-1	528.5
The Git	Grey	Kill	Rocket Launcher	1	528.5
Mr Splat	The Bald Git	Kill	Grenade Launcher	1	554.2
The Git	Mr Splat	Kill	Rocket Launcher	1	554.4
The Git		Suicide	Rocket Launcher	-1	556.9
Mr Splat	Grey	Kill	Grenade Launcher	1	560.8
Grey	Mr Splat	Kill	Grenades	1	560.9
Father Steve	Mr Splat	Kill	BFG10K	1	571.8
Father Steve		Suicide	BFG10K	-1	571.8
Grey	The Bald Git	Kill	Machinegun	1	578.6
Grey	Mr Splat	Kill	HyperBlaster	1	598.6
The Git	Grey	Kill	Grenade Launcher	1	599.5
The Bald Git	Father Steve	Kill	Chaingun	1	606.7
Father Steve	The Bald Git	Kill	Grenades	1	606.7
Father Steve	Grey	Kill	Grenades	1	622.3
The Bald Git	Father Steve	Kill	Machinegun	1	626.0
Mr Splat		Suicide	Grenades	-1	640.0
Mr Splat	The Bald Git	Kill	Grenades	1	640.1
The Git	Father Steve	Kill	Chaingun	1	651.1
Dr Bong	The Bald Git	Kill	Grenades	1	654.5
Grey	The Git	Kill	Railgun	1	655.6
Mr Splat	Grey	Kill	Grenade Launcher	1	675.0
Mr Splat		Suicide	Grenade Launcher	-1	675.0
The Git	The Bald Git	Kill	Grenades	1	677.3
The Git	Father Steve	Kill	Grenades	1	678.5
Father Steve	The Git	Kill	Grenade Launcher	1	683.6
Father Steve	Grey	Kill	Grenade Launcher	1	686.0
Dr Bong	The Bald Git	Kill	Rocket Launcher	1	694.6
The Git	Father Steve	Kill	HyperBlaster	1	701.0
Grey	Mr Splat	Kill	Railgun	1	704.9
Dr Bong	The Git	Kill	Rocket Launcher	1	712.0
Dr Bong	Father Steve	Kill	Railgun	1	726.7
		Map	Colours of War
		GameStart			0.0
		PlayerConnect	The Git		5.4
		PlayerConnect	Father Steve		5.4
		PlayerConnect	Dr Bong		5.6
		PlayerConnect	Mr Splat		5.9
		Player	The Git		6.6
		Player	Dr Bong		7.2
		Player	Father Steve		7.2
		PlayerConnect	The Bald Git		13.9
		Player	The Bald Git		17.8
		PlayerConnect	Grey		21.0
		Player	Grey		25.7
The Git	Father Steve	Kill	Machinegun	1	29.5
Father Steve		Suicide	Lasered	-1	55.0
The Git	Grey	Kill	Shotgun	1	62.5
Dr Bong	The Bald Git	Kill	Railgun	1	70.7
Grey	Dr Bong	Kill	Chaingun	1	85.1
The Bald Git	Father Steve	Kill	Railgun	1	104.5
Grey	The Git	Kill	BFG10K	1	183.4
The Bald Git	Grey	Kill	Railgun	1	188.1
Dr Bong	The Git	Kill	Super Shotgun	1	199.0
Father Steve	The Git	Kill	Rocket Launcher	1	219.1
		PlayerLeft	Mr Splat		219.3
Dr Bong	The Bald Git	Kill	Grenade Launcher	1	243.4
Dr Bong	The Git	Kill	Grenade Launcher	1	243.4
Father Steve		Suicide	Rocket Launcher	-1	285.6
Dr Bong	Grey	Kill	Railgun	1	299.0
The Git	Father Steve	Kill	Rocket Launcher	1	313.4
The Git	Father Steve	Kill	Rocket Launcher	1	381.3
Dr Bong	The Bald Git	Kill	Rocket Launcher	1	391.8
The Git	The Bald Git	Kill	Rocket Launcher	1	424.0
Dr Bong	Grey	Kill	Rocket Launcher	1	429.2
Father Steve	The Git	Kill	Rocket Launcher	1	436.5
Father Steve		Suicide	Rocket Launcher	-1	436.5
The Bald Git	Grey	Kill	Super Shotgun	1	439.7
Dr Bong	The Git	Kill	Rocket Launcher	1	461.7
Dr Bong	Father Steve	Kill	Rocket Launcher	1	489.6
The Git	The Bald Git	Kill	Machinegun	1	496.0
Grey	The Git	Kill	Railgun	1	500.9
Grey	The Bald Git	Kill	Rocket Launcher	1	521.8
Dr Bong	Grey	Kill	Rocket Launcher	1	524.7
Dr Bong	The Git	Kill	Rocket Launcher	1	536.3
Father Steve	The Bald Git	Kill	Grenade Launcher	1	560.0
Dr Bong	Father Steve	Kill	Grenade Launcher	1	569.3
Dr Bong	Father Steve	Kill	Grenade Launcher	1	577.0
Father Steve	The Bald Git	Kill	Blaster	1	591.7
Dr Bong	The Git	Kill	Grenade Launcher	1	596.0
Grey	Dr Bong	Kill	BFG10K	1	596.7
Grey	The Bald Git	Kill	HyperBlaster	1	621.0
Grey	The Git	Kill	HyperBlaster	1	629.2
Father Steve	Grey	Kill	Rocket Launcher	1	642.2
The Bald Git	Grey	Kill	Railgun	1	652.6
Dr Bong	Father Steve	Kill	Rocket Launcher	1	678.5
The Bald Git		Suicide	Rocket Launcher	-1	704.7
Grey	Dr Bong	Kill	Super Shotgun	1	717.4
The Git	Grey	Kill	Railgun	1	768.6
Dr Bong	The Bald Git	Kill	Rocket Launcher	1	779.1
Grey	Dr Bong	Kill	Machinegun	1	784.5
The Git	The Bald Git	Kill	Rocket Launcher	1	848.3
Dr Bong	Father Steve	Kill	Rocket Launcher	1	876.5
The Git	The Bald Git	Kill	Rocket Launcher	1	879.2
Grey	Dr Bong	Kill	BFG10K	1	884.8
Grey	The Git	Kill	BFG10K	1	893.4
The Git	Grey	Kill	Rocket Launcher	1	893.4
Dr Bong	Father Steve	Kill	Chaingun	1	899.6
Dr Bong	The Git	Kill	Super Shotgun	1	902.8
Grey	The Bald Git	Kill	Machinegun	1	916.3
Dr Bong	Father Steve	Kill	Super Shotgun	1	941.8
		PlayerLeft	Father Steve		953.8
Dr Bong	Grey	Kill	Grenades	1	967.8
The Bald Git		Suicide	Rocket Launcher	-1	997.7
Dr Bong	Grey	Kill	Grenades	1	1017.4
Grey		Suicide	Lasered	-1	1056.1
Grey	The Bald Git	Kill	Machinegun	1	1075.2
The Git	Grey	Kill	Rocket Launcher	1	1109.0
The Git	The Bald Git	Kill	Rocket Launcher	1	1169.3
The Git	Grey	Kill	Rocket Launcher	1	1173.4
The Bald Git	Grey	Kill	Grenade Launcher	1	1180.2
The Git	Dr Bong	Kill	Rocket Launcher	1	1189.0
		PlayerLeft	Dr Bong		1197.3
Grey	The Bald Git	Kill	Railgun	1	1198.5
		Map	phatdm1 - Phat Deathmatch Map One   by phats of Dteam
		GameStart			0.0
		PlayerConnect	The Git		3.4
		PlayerConnect	The Bald Git		4.2
		PlayerConnect	Grey		8.6
		Player	Grey		10.6
		Player	The Bald Git		11.2
		PlayerLeft	The Git		11.4
		PlayerLeft	The Bald Git		18.3
		PlayerLeft	Grey		36.5
		GameEnd			71877.7
